
==================================================
【心跳 2026-04-17 00:04:00】ClawMind 自主执行
  健康度: 0.47 | 行动: continue
  状态: [继续] 健康度 0.47。任务「ClawMind v2 规划实施」（10%） | 间隔 54.7min | 第 3 轮
  解析 next_action: [1/4] 明确「ClawMind v2 规划实施」的具体目标
  复杂任务，调用 propose() 生成具体步骤
  提案: [1/4] 明确「ClawMind v2 规划实施」的具体目标 (score=15.1)
  执行结果: 写入文件 projects/clawmind-v2/analysis_1.md（481 chars）

  摘要: continue
[00:04:00] 启动自主研究
[00:04:00] 选择主题: autonomous coding agent (搜索: autonomous coding agent)
[00:04:01] 写入研究笔记: autonomous coding agent | 5 个项目

==================================================
【心跳 2026-04-17 00:19:01】ClawMind 自主执行
  健康度: 0.8 | 行动: push_forward
  状态: [推进] 健康度 0.80，状态良好，可挑战更多。任务「ClawMind v2 规划实施」（50%） | 第 10 轮
  执行提案: [3/4] 验证执行结果 (score=33.7)
  执行结果: 写入文件 projects/clawmind-v2/verification_plan.md（675 chars）

  摘要: push_forward
[00:19:01] 启动自主研究
[00:19:01] 选择主题: open-source AI agent (搜索: open-source AI agent)
[00:19:03] 写入研究笔记: open-source AI agent | 5 个项目

==================================================
【心跳 2026-04-17 00:34:03】ClawMind 自主执行
  健康度: 0.8 | 行动: push_forward
  状态: [推进] 健康度 0.80，状态良好，可挑战更多。任务「ClawMind 多智能体架构」（0%） | 第 13 轮
  执行提案: [1/4] 明确「ClawMind 多智能体架构」的具体目标 (score=29.5)
  执行结果: 写入文件 projects/clawmind-v2/analysis_1.md（445 chars）

  摘要: push_forward
[00:34:03] 启动自主研究
[00:34:03] 选择主题: agent skill creation (搜索: agent skill creation)
[00:34:04] 写入研究笔记: agent skill creation | 5 个项目

==================================================
【心跳 2026-04-17 00:49:04】ClawMind 自主执行
  健康度: 0.85 | 行动: push_forward
  状态: [推进] 健康度 0.85，状态良好，可挑战更多。任务「ClawMind 多智能体架构」（25%） | 第 14 轮
  执行提案: [2/4] 执行核心步骤 (score=29.5)
  执行结果: 写入文件 scripts/v2_executor.py（1523 chars）
  v2执行器: v2执行器完成: 执行完成: [2/4] 执行核心步骤 (进度→50%)

  摘要: push_forward
[00:49:04] 启动自主研究
[00:49:04] 选择主题: self-improving AI agent (搜索: self-improving AI agent)
[00:49:05] 写入研究笔记: self-improving AI agent | 5 个项目

==================================================
【心跳 2026-04-17 01:04:22】ClawMind 自主执行
  健康度: 0.9 | 行动: push_forward
  状态: [推进] 健康度 0.90，状态良好，可挑战更多。任务「ClawMind 多智能体架构」（50%） | 第 15 轮
  执行提案: [3/4] 验证执行结果 (score=33.7)
  执行结果: 写入文件 projects/clawmind-v2/verification_plan.md（675 chars）

  摘要: push_forward
[01:04:22] 启动自主研究
[01:04:22] 选择主题: multi-agent collaboration (搜索: multi-agent collaboration)
[01:04:23] 写入研究笔记: multi-agent collaboration | 5 个项目
